[debug] [2019-08-28T21:55:51.828Z] ----------------------------------------------------------------------
[debug] [2019-08-28T21:55:51.831Z] Command:       C:\Program Files\nodejs\node.exe C:\Users\johnl\AppData\Roaming\npm\node_modules\firebase-tools\lib\bin\firebase.js projects:list
[debug] [2019-08-28T21:55:51.831Z] CLI Version:   7.3.0
[debug] [2019-08-28T21:55:51.831Z] Platform:      win32
[debug] [2019-08-28T21:55:51.831Z] Node Version:  v10.15.0
[debug] [2019-08-28T21:55:51.832Z] Time:          Wed Aug 28 2019 22:55:51 GMT+0100 (British Summer Time)
[debug] [2019-08-28T21:55:51.832Z] ----------------------------------------------------------------------
[debug] 
[debug] [2019-08-28T21:55:51.843Z] > command requires scopes: ["email","openid","https://www.googleapis.com/auth/cloudplatformprojects.readonly","https://www.googleapis.com/auth/firebase","https://www.googleapis.com/auth/cloud-platform"]
[debug] [2019-08-28T21:55:51.844Z] > authorizing via signed-in user
[debug] [2019-08-28T21:55:51.850Z] > refreshing access token with scopes: ["email","https://www.googleapis.com/auth/cloud-platform","https://www.googleapis.com/auth/cloudplatformprojects.readonly","https://www.googleapis.com/auth/firebase","openid"]
[debug] [2019-08-28T21:55:51.850Z] >>> HTTP REQUEST POST https://www.googleapis.com/oauth2/v3/token  
 <request body omitted>
[debug] [2019-08-28T21:55:52.019Z] <<< HTTP RESPONSE 400
[debug] [2019-08-28T21:55:52.020Z] >>> HTTP REQUEST GET https://firebase.googleapis.com/v1beta1/projects?pageSize=1000  
 
[debug] [2019-08-28T21:55:52.142Z] <<< HTTP RESPONSE 401
[debug] [2019-08-28T21:55:52.142Z] <<< HTTP RESPONSE BODY
[debug] [2019-08-28T21:55:52.144Z] HTTP Error: 401, Request had invalid authentication credentials. Expected OAuth 2 access token, login cookie or other valid authentication credential. See https://developers.google.com/identity/sign-in/web/devconsole-project.
[debug] [2019-08-28T21:55:52.263Z] FirebaseError: HTTP Error: 401, Request had invalid authentication credentials. Expected OAuth 2 access token, login cookie or other valid authentication credential. See https://developers.google.com/identity/sign-in/web/devconsole-project.
    at module.exports (C:\Users\johnl\AppData\Roaming\npm\node_modules\firebase-tools\lib\responseToError.js:38:12)
    at Request._callback (C:\Users\johnl\AppData\Roaming\npm\node_modules\firebase-tools\lib\api.js:39:35)
    at Request.self.callback (C:\Users\johnl\AppData\Roaming\npm\node_modules\firebase-tools\node_modules\request\request.js:185:22)
    at Request.emit (events.js:182:13)
    at Request.EventEmitter.emit (domain.js:441:20)
    at Request.<anonymous> (C:\Users\johnl\AppData\Roaming\npm\node_modules\firebase-tools\node_modules\request\request.js:1161:10)
    at Request.emit (events.js:182:13)
    at Request.EventEmitter.emit (domain.js:441:20)
    at IncomingMessage.<anonymous> (C:\Users\johnl\AppData\Roaming\npm\node_modules\firebase-tools\node_modules\request\request.js:1083:12)
    at Object.onceWrapper (events.js:273:13)
[error] 
[error] Error: Failed to list Firebase projects. See firebase-debug.log for more info.
